{"time":"2026-06-17T14:11:33.870755+08:00","level":"INFO","msg":"✅ 已加载持久化配置","app":"storybook"}
{"time":"2026-06-17T14:11:33.874011+08:00","level":"INFO","msg":"服务启动 http://localhost:8080","app":"storybook"}
{"time":"2026-06-17T14:11:34.668089+08:00","level":"INFO","msg":"http_request","app":"storybook","request_id":"req-1781676694667635000","method":"GET","path":"/api/stories","status":200,"duration_ms":0}
{"time":"2026-06-17T14:11:37.667266+08:00","level":"INFO","msg":"http_request","app":"storybook","request_id":"req-1781676697666679000","method":"GET","path":"/api/stories","status":200,"duration_ms":0}
{"time":"2026-06-17T14:11:40.667517+08:00","level":"INFO","msg":"http_request","app":"storybook","request_id":"req-1781676700667289000","method":"GET","path":"/api/stories","status":200,"duration_ms":0}
{"time":"2026-06-17T14:11:42.547308+08:00","level":"INFO","msg":"http_request","app":"storybook","request_id":"req-1781676702044423000","method":"GET","path":"/api/status","status":200,"duration_ms":502}
{"time":"2026-06-17T14:11:43.666302+08:00","level":"INFO","msg":"http_request","app":"storybook","request_id":"req-1781676703665756000","method":"GET","path":"/api/stories","status":200,"duration_ms":0}
{"time":"2026-06-17T14:11:46.66641+08:00","level":"INFO","msg":"http_request","app":"storybook","request_id":"req-1781676706665838000","method":"GET","path":"/api/stories","status":200,"duration_ms":0}
{"time":"2026-06-17T14:11:49.665716+08:00","level":"INFO","msg":"http_request","app":"storybook","request_id":"req-1781676709665444000","method":"GET","path":"/api/stories","status":200,"duration_ms":0}
{"time":"2026-06-17T14:11:52.666499+08:00","level":"INFO","msg":"http_request","app":"storybook","request_id":"req-1781676712665993000","method":"GET","path":"/api/stories","status":200,"duration_ms":0}
{"time":"2026-06-17T14:11:55.666694+08:00","level":"INFO","msg":"http_request","app":"storybook","request_id":"req-1781676715666218000","method":"GET","path":"/api/stories","status":200,"duration_ms":0}
{"time":"2026-06-17T14:11:58.665717+08:00","level":"INFO","msg":"http_request","app":"storybook","request_id":"req-1781676718665223000","method":"GET","path":"/api/stories","status":200,"duration_ms":0}
{"time":"2026-06-17T14:12:01.6659+08:00","level":"INFO","msg":"http_request","app":"storybook","request_id":"req-1781676721665432000","method":"GET","path":"/api/stories","status":200,"duration_ms":0}
{"time":"2026-06-17T14:12:04.666206+08:00","level":"INFO","msg":"http_request","app":"storybook","request_id":"req-1781676724665674000","method":"GET","path":"/api/stories","status":200,"duration_ms":0}
{"time":"2026-06-17T14:12:07.723029+08:00","level":"INFO","msg":"http_request","app":"storybook","request_id":"req-1781676727722680000","method":"GET","path":"/api/stories","status":200,"duration_ms":0}
{"time":"2026-06-17T14:12:09.261874+08:00","level":"INFO","msg":"http_request","app":"storybook","request_id":"req-1781676729255490000","method":"GET","path":"/","status":200,"duration_ms":6}
{"time":"2026-06-17T14:12:09.328358+08:00","level":"INFO","msg":"http_request","app":"storybook","request_id":"req-1781676729327792000","method":"GET","path":"/.well-known/appspecific/com.chrome.devtools.json","status":304,"duration_ms":0}
{"time":"2026-06-17T14:12:09.656893+08:00","level":"INFO","msg":"http_request","app":"storybook","request_id":"req-1781676729656711000","method":"GET","path":"/api/config","status":200,"duration_ms":0}
{"time":"2026-06-17T14:12:09.661904+08:00","level":"INFO","msg":"http_request","app":"storybook","request_id":"req-1781676729660954000","method":"GET","path":"/api/stories","status":200,"duration_ms":0}
{"time":"2026-06-17T14:12:09.67237+08:00","level":"INFO","msg":"http_request","app":"storybook","request_id":"req-1781676729669870000","method":"GET","path":"/api/styles","status":200,"duration_ms":2}
{"time":"2026-06-17T14:12:09.673493+08:00","level":"INFO","msg":"http_request","app":"storybook","request_id":"req-1781676729668411000","method":"GET","path":"/api/jobs","status":200,"duration_ms":5}
{"time":"2026-06-17T14:12:09.674703+08:00","level":"INFO","msg":"http_request","app":"storybook","request_id":"req-1781676729674648000","method":"GET","path":"/api/providers","status":200,"duration_ms":0}
{"time":"2026-06-17T14:12:09.674946+08:00","level":"INFO","msg":"http_request","app":"storybook","request_id":"req-1781676729670536000","method":"GET","path":"/api/story-styles","status":200,"duration_ms":4}
{"time":"2026-06-17T14:12:09.675029+08:00","level":"INFO","msg":"http_request","app":"storybook","request_id":"req-1781676729667855000","method":"GET","path":"/api/presets","status":200,"duration_ms":7}
{"time":"2026-06-17T14:12:09.680313+08:00","level":"INFO","msg":"http_request","app":"storybook","request_id":"req-1781676729679516000","method":"GET","path":"/api/work-types","status":200,"duration_ms":0}
{"time":"2026-06-17T14:12:09.682396+08:00","level":"INFO","msg":"http_request","app":"storybook","request_id":"req-1781676729682111000","method":"GET","path":"/api/model-presets","status":200,"duration_ms":0}
{"time":"2026-06-17T14:12:09.792225+08:00","level":"INFO","msg":"http_request","app":"storybook","request_id":"req-1781676729791467000","method":"GET","path":"/api/stories","status":200,"duration_ms":0}
{"time":"2026-06-17T14:12:09.809224+08:00","level":"INFO","msg":"http_request","app":"storybook","request_id":"req-1781676729809120000","method":"GET","path":"/api/config","status":200,"duration_ms":0}
{"time":"2026-06-17T14:12:09.828784+08:00","level":"INFO","msg":"http_request","app":"storybook","request_id":"req-1781676729827681000","method":"GET","path":"/outputs/story-20260617-140615/images/1.jpg","status":304,"duration_ms":1}
